{
  "RSpec": {
    "coverage": {
      "/home/longsword/Desktop/wpoHT/wpoHT/webforum/spec/features/categories_pages_spec.rb": [
        1,
        1,
        null,
        1,
        null,
        1,
        1,
        1,
        null,
        1,
        1,
        1,
        null,
        null,
        1,
        1,
        1,
        1,
        null,
        null,
        null,
        1,
        4,
        null,
        1,
        1,
        1,
        null,
        1,
        1,
        1,
        1,
        null,
        null,
        1,
        1,
        1,
        1,
        null,
        1,
        1,
        null,
        null,
        1,
        1,
        1,
        1,
        null,
        1,
        1,
        1,
        1,
        1,
        null,
        null,
        null,
        1,
        null,
        1,
        1,
        1,
        null,
        1,
        1,
        1,
        1,
        1,
        1,
        null,
        null,
        null,
        null,
        null,
        null,
        null,
        null,
        null,
        null,
        null,
        null
      ],
      "/home/longsword/Desktop/wpoHT/wpoHT/webforum/spec/rails_helper.rb": [
        null,
        1,
        1,
        null,
        1,
        1,
        1,
        1,
        1,
        null,
        null,
        null,
        null,
        null,
        null,
        null,
        null,
        null,
        null,
        null,
        null,
        null,
        null,
        null,
        null,
        null,
        null,
        null,
        1,
        null,
        1,
        null,
        1,
        null,
        null,
        null,
        null,
        1,
        null,
        null,
        null,
        null,
        null,
        null,
        null,
        null,
        null,
        null,
        null,
        null,
        null,
        null,
        1,
        null,
        null,
        1,
        null,
        null,
        null
      ],
      "/home/longsword/Desktop/wpoHT/wpoHT/webforum/config/environment.rb": [
        null,
        1,
        null,
        null,
        1,
        null
      ],
      "/home/longsword/Desktop/wpoHT/wpoHT/webforum/config/application.rb": [
        1,
        null,
        1,
        null,
        null,
        null,
        1,
        null,
        1,
        1,
        null,
        null,
        null,
        null,
        null,
        null,
        null,
        null,
        null,
        null,
        null,
        null,
        null,
        1,
        null,
        1,
        null,
        null,
        null
      ],
      "/home/longsword/Desktop/wpoHT/wpoHT/webforum/config/boot.rb": [
        1,
        null,
        1
      ],
      "/home/longsword/Desktop/wpoHT/wpoHT/webforum/config/environments/test.rb": [
        1,
        null,
        null,
        null,
        null,
        null,
        null,
        1,
        null,
        null,
        null,
        null,
        1,
        null,
        null,
        1,
        1,
        null,
        null,
        1,
        1,
        null,
        null,
        1,
        null,
        null,
        1,
        null,
        null,
        null,
        null,
        1,
        null,
        null,
        1,
        null,
        null,
        1,
        null,
        null,
        null,
        null
      ],
      "/home/longsword/Desktop/wpoHT/wpoHT/webforum/config/initializers/assets.rb": [
        null,
        null,
        null,
        1,
        null,
        null,
        null,
        null,
        null,
        null,
        null,
        null,
        1,
        null,
        1
      ],
      "/home/longsword/Desktop/wpoHT/wpoHT/webforum/config/initializers/backtrace_silencers.rb": [
        null,
        null,
        null,
        null,
        null,
        null,
        null
      ],
      "/home/longsword/Desktop/wpoHT/wpoHT/webforum/config/initializers/cookies_serializer.rb": [
        null,
        null,
        1
      ],
      "/home/longsword/Desktop/wpoHT/wpoHT/webforum/config/initializers/filter_parameter_logging.rb": [
        null,
        null,
        null,
        1
      ],
      "/home/longsword/Desktop/wpoHT/wpoHT/webforum/config/initializers/inflections.rb": [
        null,
        null,
        null,
        null,
        null,
        null,
        null,
        null,
        null,
        null,
        null,
        null,
        null,
        null,
        null,
        null
      ],
      "/home/longsword/Desktop/wpoHT/wpoHT/webforum/config/initializers/mime_types.rb": [
        null,
        null,
        null,
        null
      ],
      "/home/longsword/Desktop/wpoHT/wpoHT/webforum/config/initializers/session_store.rb": [
        null,
        null,
        1
      ],
      "/home/longsword/Desktop/wpoHT/wpoHT/webforum/config/initializers/wrap_parameters.rb": [
        null,
        null,
        null,
        null,
        null,
        null,
        1,
        1,
        null,
        null,
        null,
        null,
        null,
        null
      ],
      "/home/longsword/Desktop/wpoHT/wpoHT/webforum/spec/factories.rb": [
        1,
        null,
        1,
        128,
        null,
        null,
        1,
        129,
        null,
        null,
        null,
        1,
        106,
        null,
        null,
        1,
        107,
        1,
        1,
        null,
        null,
        null,
        1,
        1,
        1,
        1,
        null,
        null,
        null,
        1,
        224,
        null,
        null,
        1,
        225,
        1,
        1,
        null,
        null,
        null
      ],
      "/home/longsword/Desktop/wpoHT/wpoHT/webforum/config/routes.rb": [
        1,
        1,
        1,
        1,
        1,
        1,
        null,
        null,
        null,
        null,
        1,
        null,
        1,
        1,
        1,
        null,
        null,
        null,
        null,
        null,
        null,
        null,
        null,
        null,
        null,
        null,
        null,
        null,
        null,
        null,
        null,
        null,
        null,
        null,
        null,
        null,
        null,
        null,
        null,
        null,
        null,
        null,
        null,
        null,
        null,
        null,
        null,
        null,
        null,
        null,
        null,
        null,
        null,
        null,
        null,
        null,
        null,
        null,
        null,
        null,
        null,
        null,
        null,
        null,
        null
      ],
      "/home/longsword/Desktop/wpoHT/wpoHT/webforum/app/helpers/application_helper.rb": [
        1,
        null
      ],
      "/home/longsword/Desktop/wpoHT/wpoHT/webforum/app/helpers/categories_helper.rb": [
        1,
        null
      ],
      "/home/longsword/Desktop/wpoHT/wpoHT/webforum/app/helpers/messages_helper.rb": [
        1,
        null
      ],
      "/home/longsword/Desktop/wpoHT/wpoHT/webforum/app/helpers/subjects_helper.rb": [
        1,
        null
      ],
      "/home/longsword/Desktop/wpoHT/wpoHT/webforum/app/helpers/users_helper.rb": [
        1,
        null
      ],
      "/home/longsword/Desktop/wpoHT/wpoHT/webforum/spec/helpers.rb": [
        1,
        null,
        1,
        62,
        62,
        62,
        62,
        null,
        null,
        1,
        10,
        null,
        null,
        null
      ],
      "/home/longsword/Desktop/wpoHT/wpoHT/webforum/spec/features/category_pages_spec.rb": [
        1,
        1,
        null,
        1,
        null,
        1,
        1,
        1,
        null,
        1,
        1,
        1,
        null,
        null,
        1,
        1,
        1,
        1,
        null,
        null,
        null,
        1,
        4,
        null,
        1,
        1,
        1,
        null,
        1,
        1,
        1,
        1,
        null,
        null,
        1,
        1,
        1,
        1,
        null,
        1,
        1,
        null,
        null,
        1,
        1,
        1,
        1,
        null,
        1,
        1,
        1,
        1,
        1,
        null,
        null,
        null
      ],
      "/home/longsword/Desktop/wpoHT/wpoHT/webforum/spec/features/delete_spec.rb": [
        1,
        1,
        null,
        1,
        null,
        1,
        1,
        null,
        1,
        1,
        null,
        1,
        1,
        1,
        1,
        1,
        null,
        null,
        null,
        1,
        1,
        1,
        1,
        1,
        null,
        1,
        1,
        null,
        1,
        1,
        1,
        1,
        1,
        1,
        null,
        null,
        null,
        1,
        null,
        1,
        1,
        1,
        1,
        null,
        1,
        1,
        null,
        1,
        1,
        1,
        1,
        1,
        null,
        null,
        null,
        null
      ],
      "/home/longsword/Desktop/wpoHT/wpoHT/webforum/spec/features/edit_category_spec.rb": [
        1,
        1,
        null,
        1,
        4,
        null,
        1,
        1,
        1,
        null,
        null,
        1,
        1,
        1,
        1,
        1,
        null,
        null,
        1,
        1,
        1,
        1,
        1,
        null,
        null,
        null,
        1,
        3,
        3,
        null,
        1,
        2,
        2,
        null,
        null,
        1,
        1,
        1,
        1,
        1,
        null,
        null,
        1,
        1,
        1,
        1,
        null,
        null
      ],
      "/home/longsword/Desktop/wpoHT/wpoHT/webforum/spec/features/edit_message_spec.rb": [
        1,
        1,
        null,
        1,
        3,
        3,
        3,
        null,
        1,
        2,
        2,
        2,
        null,
        null,
        1,
        1,
        1,
        1,
        null,
        null,
        1,
        1,
        1,
        1,
        null,
        null
      ],
      "/home/longsword/Desktop/wpoHT/wpoHT/webforum/spec/features/edit_subject_spec.rb": [
        1,
        1,
        null,
        1,
        6,
        6,
        1,
        2,
        4,
        2,
        null,
        1,
        1,
        1,
        null,
        1,
        1,
        1,
        null,
        null,
        1,
        1,
        1,
        1,
        null,
        null,
        1,
        1,
        1,
        1,
        null,
        null,
        1,
        1,
        2,
        2,
        null,
        null,
        1,
        1,
        1,
        1,
        null,
        null,
        1,
        1,
        1,
        1,
        null,
        null,
        null,
        null,
        null
      ],
      "/home/longsword/Desktop/wpoHT/wpoHT/webforum/spec/features/edit_user_spec.rb": [
        1,
        1,
        null,
        1,
        6,
        null,
        1,
        5,
        5,
        null,
        null,
        1,
        1,
        1,
        null,
        1,
        1,
        1,
        1,
        null,
        null,
        1,
        1,
        1,
        null,
        null,
        1,
        1,
        null,
        null,
        1,
        1,
        1,
        1,
        1,
        1,
        null,
        null,
        1,
        1,
        1,
        1,
        null,
        null,
        null,
        null
      ],
      "/home/longsword/Desktop/wpoHT/wpoHT/webforum/spec/features/new_category_spec.rb": [
        1,
        1,
        null,
        1,
        1,
        1,
        1,
        null,
        null,
        1,
        1,
        1,
        1,
        1,
        null,
        null,
        1,
        1,
        1,
        1,
        1,
        null,
        null,
        null,
        1,
        3,
        null,
        1,
        2,
        2,
        null,
        null,
        1,
        1,
        1,
        1,
        1,
        1,
        null,
        null,
        1,
        1,
        1,
        1,
        null,
        null,
        null
      ],
      "/home/longsword/Desktop/wpoHT/wpoHT/webforum/spec/features/new_message_spec.rb": [
        1,
        1,
        null,
        1,
        3,
        3,
        2,
        null,
        1,
        1,
        1,
        null,
        null,
        1,
        1,
        1,
        1,
        null,
        null,
        1,
        1,
        null,
        1,
        1,
        null,
        1,
        1,
        null,
        null,
        null,
        1,
        3,
        3,
        3,
        null,
        1,
        2,
        2,
        2,
        null,
        null,
        1,
        1,
        1,
        1,
        null,
        null,
        1,
        1,
        1,
        1,
        1,
        null,
        1,
        1,
        null,
        null,
        null,
        1,
        5,
        5,
        5,
        null,
        1,
        4,
        4,
        4,
        null,
        null,
        1,
        1,
        null,
        null,
        1,
        1,
        1,
        null,
        null,
        1,
        1,
        1,
        1,
        null,
        null,
        1,
        1,
        1,
        1,
        1,
        1,
        1,
        null,
        null,
        null
      ],
      "/home/longsword/Desktop/wpoHT/wpoHT/webforum/spec/features/new_subject_spec.rb": [
        1,
        1,
        null,
        1,
        4,
        3,
        null,
        1,
        1,
        1,
        1,
        null,
        null,
        1,
        1,
        1,
        null,
        null,
        1,
        1,
        1,
        1,
        null,
        null,
        1,
        1,
        1,
        null,
        1,
        1,
        1,
        null,
        null,
        null,
        1,
        3,
        3,
        null,
        1,
        2,
        null,
        null,
        1,
        1,
        1,
        1,
        1,
        null,
        1,
        1,
        1,
        1,
        null,
        1,
        1,
        1,
        1,
        1,
        null,
        1,
        1,
        null,
        null,
        1,
        1,
        1,
        1,
        1,
        null,
        1,
        1,
        null,
        1,
        1,
        1,
        null,
        null,
        null
      ],
      "/home/longsword/Desktop/wpoHT/wpoHT/webforum/spec/features/signing_spec.rb": [
        1,
        1,
        null,
        1,
        1,
        4,
        null,
        null,
        1,
        1,
        1,
        1,
        1,
        null,
        null,
        1,
        1,
        1,
        1,
        null,
        null,
        1,
        1,
        1,
        1,
        null,
        1,
        1,
        null,
        null,
        1,
        1,
        1,
        1,
        null,
        1,
        1,
        1,
        null,
        null,
        null,
        1,
        5,
        null,
        1,
        4,
        null,
        null,
        1,
        1,
        1,
        1,
        1,
        null,
        null,
        1,
        1,
        1,
        null,
        null,
        1,
        1,
        1,
        1,
        1,
        null,
        null,
        1,
        1,
        1,
        null,
        1,
        1,
        1,
        1,
        1,
        null,
        null,
        null,
        1,
        2,
        2,
        null,
        1,
        1,
        1,
        null,
        null,
        1,
        1,
        1,
        1,
        null,
        null
      ],
      "/home/longsword/Desktop/wpoHT/wpoHT/webforum/spec/features/subject_page_spec.rb": [
        1,
        1,
        null,
        1,
        18,
        18,
        3,
        9,
        5,
        4,
        null,
        1,
        1,
        2,
        null,
        null,
        1,
        1,
        null,
        1,
        1,
        1,
        null,
        null,
        1,
        1,
        null,
        1,
        1,
        1,
        null,
        null,
        null,
        null,
        1,
        1,
        1,
        1,
        1,
        null,
        1,
        1,
        1,
        null,
        null,
        1,
        1,
        1,
        1,
        1,
        null,
        null,
        1,
        1,
        1,
        1,
        1,
        null,
        null,
        null,
        1,
        1,
        1,
        1,
        null,
        1,
        1,
        null,
        null,
        1,
        1,
        1,
        1,
        null,
        null,
        1,
        1,
        1,
        1,
        null,
        null,
        1,
        1,
        1,
        1,
        null,
        null,
        null,
        1,
        5,
        1,
        4,
        null,
        null,
        1,
        1,
        1,
        null,
        1,
        1,
        null,
        null,
        1,
        1,
        1,
        1,
        null,
        null,
        1,
        1,
        1,
        1,
        null,
        null,
        1,
        1,
        1,
        1,
        null,
        null,
        null,
        1,
        null,
        1,
        4,
        60,
        null,
        null,
        null,
        1,
        4,
        null,
        null,
        1,
        1,
        1,
        null,
        null,
        1,
        1,
        1,
        1,
        null,
        null,
        1,
        1,
        1,
        1,
        1,
        1,
        null,
        null,
        1,
        1,
        1,
        null,
        1,
        1,
        null,
        1,
        1,
        null,
        1,
        1,
        null,
        null,
        null,
        null,
        null,
        null,
        null
      ],
      "/home/longsword/Desktop/wpoHT/wpoHT/webforum/spec/models/category_spec.rb": [
        1,
        null,
        1,
        null,
        1,
        1,
        1,
        1,
        null,
        1,
        1,
        1,
        null,
        null,
        1,
        1,
        1,
        1,
        1,
        1,
        null,
        1,
        1,
        null,
        null,
        null
      ],
      "/home/longsword/Desktop/wpoHT/wpoHT/webforum/app/models/category.rb": [
        1,
        1,
        1,
        1,
        null,
        1,
        null,
        1,
        34,
        18,
        null,
        null,
        null,
        null,
        null
      ],
      "/home/longsword/Desktop/wpoHT/wpoHT/webforum/spec/models/subject_spec.rb": [
        1,
        null,
        1,
        null,
        1,
        1,
        1,
        1,
        null,
        1,
        1,
        1,
        null,
        null,
        1,
        1,
        1,
        11,
        11,
        null,
        1,
        null,
        null,
        null
      ],
      "/home/longsword/Desktop/wpoHT/wpoHT/webforum/app/models/subject.rb": [
        1,
        1,
        1,
        1,
        1,
        null,
        1,
        1,
        null,
        null,
        1,
        1,
        null,
        null,
        1,
        5,
        5,
        5,
        3,
        null,
        5,
        2,
        null,
        5,
        null,
        null,
        null
      ],
      "/home/longsword/Desktop/wpoHT/wpoHT/webforum/spec/models/user_spec.rb": [
        1,
        null,
        1,
        null,
        1,
        1,
        1,
        null,
        1,
        null,
        1,
        null,
        null,
        1,
        1,
        1,
        1,
        null,
        1,
        1,
        null,
        1,
        1,
        1,
        null,
        null,
        1,
        3,
        3,
        3,
        3,
        3,
        null,
        1,
        2,
        null,
        null,
        1,
        1,
        1,
        1,
        1,
        null,
        null,
        1,
        1,
        1,
        1,
        1,
        null,
        null,
        null,
        null
      ],
      "/home/longsword/Desktop/wpoHT/wpoHT/webforum/app/models/user.rb": [
        1,
        1,
        1,
        1,
        null,
        1,
        null,
        1,
        null,
        null,
        1,
        37,
        18,
        null,
        19,
        null,
        null,
        null,
        1,
        41,
        28,
        null,
        13,
        null,
        null,
        null,
        1,
        38,
        17,
        null,
        21,
        null,
        null,
        1,
        1,
        79,
        15,
        null,
        64,
        null,
        null,
        1,
        1,
        24,
        11,
        null,
        13,
        null,
        null,
        null
      ],
      "/home/longsword/Desktop/wpoHT/wpoHT/webforum/app/controllers/categories_controller.rb": [
        1,
        1,
        null,
        null,
        null,
        1,
        73,
        null,
        null,
        null,
        null,
        1,
        18,
        null,
        null,
        null,
        1,
        5,
        null,
        null,
        null,
        1,
        null,
        null,
        null,
        null,
        1,
        2,
        null,
        2,
        2,
        2,
        1,
        null,
        2,
        1,
        null,
        null,
        null,
        null,
        null,
        null,
        1,
        2,
        2,
        2,
        1,
        null,
        2,
        1,
        null,
        null,
        null,
        null,
        null,
        null,
        1,
        2,
        2,
        4,
        2,
        null,
        null,
        null,
        1,
        null,
        1,
        27,
        null,
        null,
        null,
        1,
        4,
        null,
        null
      ],
      "/home/longsword/Desktop/wpoHT/wpoHT/webforum/app/controllers/application_controller.rb": [
        1,
        null,
        null,
        1,
        null,
        1,
        null,
        1,
        1655,
        1147,
        null,
        null,
        null
      ],
      "/home/longsword/Desktop/wpoHT/wpoHT/webforum/app/controllers/sessions_controller.rb": [
        1,
        null,
        1,
        69,
        1,
        null,
        68,
        1,
        null,
        67,
        null,
        68,
        null,
        null,
        null,
        1,
        65,
        65,
        64,
        64,
        null,
        1,
        null,
        null,
        null,
        1,
        2,
        2,
        null,
        0,
        null,
        null,
        null
      ],
      "/home/longsword/Desktop/wpoHT/wpoHT/webforum/app/models/message.rb": [
        1,
        1,
        1,
        null,
        1,
        1,
        null,
        1,
        113,
        null,
        null,
        1,
        96,
        null,
        null,
        1,
        57,
        null,
        null,
        null
      ],
      "/home/longsword/Desktop/wpoHT/wpoHT/webforum/app/controllers/subjects_controller.rb": [
        1,
        1,
        null,
        null,
        null,
        1,
        43,
        null,
        43,
        null,
        43,
        43,
        null,
        43,
        35,
        35,
        null,
        8,
        8,
        null,
        null,
        43,
        4,
        null,
        43,
        8,
        null,
        null,
        43,
        11,
        null,
        null,
        null,
        null,
        1,
        7,
        7,
        null,
        null,
        null,
        1,
        6,
        null,
        null,
        null,
        null,
        1,
        4,
        null,
        4,
        4,
        1,
        1,
        null,
        2,
        1,
        null,
        3,
        3,
        2,
        null,
        6,
        3,
        null,
        null,
        null,
        null,
        null,
        null,
        1,
        2,
        2,
        2,
        1,
        null,
        1,
        2,
        1,
        null,
        null,
        null,
        null,
        null,
        null,
        1,
        1,
        1,
        1,
        2,
        1,
        null,
        null,
        null,
        1,
        1,
        7,
        5,
        null,
        null,
        null,
        1,
        10,
        5,
        null,
        null,
        10,
        null,
        10,
        1,
        null,
        null,
        null,
        1,
        43,
        null,
        43,
        43,
        33,
        null,
        null,
        43,
        null,
        43,
        43,
        63,
        63,
        63,
        null,
        43,
        10,
        10,
        null,
        43,
        null,
        null,
        null,
        1,
        52,
        null,
        null,
        null,
        1,
        null,
        6,
        null,
        null
      ],
      "/home/longsword/Desktop/wpoHT/wpoHT/webforum/app/controllers/messages_controller.rb": [
        1,
        1,
        null,
        null,
        null,
        1,
        null,
        null,
        null,
        1,
        12,
        12,
        null,
        null,
        null,
        1,
        2,
        null,
        null,
        null,
        null,
        1,
        3,
        3,
        3,
        4,
        2,
        null,
        1,
        2,
        null,
        1,
        null,
        null,
        null,
        null,
        null,
        null,
        1,
        2,
        2,
        2,
        1,
        null,
        1,
        2,
        1,
        null,
        null,
        null,
        null,
        null,
        null,
        1,
        1,
        1,
        1,
        null,
        2,
        1,
        null,
        null,
        null,
        1,
        null,
        1,
        13,
        9,
        null,
        13,
        null,
        13,
        1,
        null,
        13,
        8,
        null,
        13,
        null,
        13,
        0,
        null,
        null,
        null,
        1,
        3,
        3,
        3,
        null,
        3,
        2,
        null,
        null,
        null,
        null,
        1,
        5,
        null,
        null,
        null,
        1,
        5,
        null,
        null
      ],
      "/home/longsword/Desktop/wpoHT/wpoHT/webforum/app/controllers/users_controller.rb": [
        1,
        1,
        1,
        null,
        null,
        null,
        1,
        0,
        null,
        null,
        null,
        null,
        1,
        null,
        null,
        null,
        1,
        5,
        1,
        null,
        4,
        4,
        null,
        null,
        null,
        null,
        1,
        7,
        null,
        null,
        null,
        null,
        1,
        3,
        3,
        3,
        1,
        2,
        1,
        null,
        2,
        4,
        2,
        null,
        null,
        null,
        null,
        null,
        null,
        1,
        2,
        2,
        2,
        1,
        null,
        1,
        2,
        1,
        null,
        null,
        null,
        null,
        null,
        null,
        1,
        0,
        0,
        0,
        0,
        null,
        null,
        null,
        1,
        null,
        1,
        8,
        6,
        null,
        null,
        null,
        null,
        1,
        11,
        null,
        null,
        1,
        12,
        null,
        null,
        null,
        1,
        5,
        null,
        null
      ]
    },
    "timestamp": 1493661855
  }
}
