{
  "RSpec": {
    "coverage": {
      "/home/longsword/Desktop/wpoHT/wpoHT/webforum/app/helpers/application_helper.rb": [
        1,
        null
      ],
      "/home/longsword/Desktop/wpoHT/wpoHT/webforum/app/helpers/categories_helper.rb": [
        1,
        null
      ],
      "/home/longsword/Desktop/wpoHT/wpoHT/webforum/app/helpers/messages_helper.rb": [
        1,
        null
      ],
      "/home/longsword/Desktop/wpoHT/wpoHT/webforum/app/helpers/subjects_helper.rb": [
        1,
        null
      ],
      "/home/longsword/Desktop/wpoHT/wpoHT/webforum/app/helpers/users_helper.rb": [
        1,
        null
      ],
      "/home/longsword/Desktop/wpoHT/wpoHT/webforum/app/models/message.rb": [
        1,
        1,
        1,
        null,
        1,
        1,
        null,
        1,
        77,
        null,
        null,
        1,
        66,
        null,
        null,
        1,
        12,
        null,
        null,
        null
      ],
      "/home/longsword/Desktop/wpoHT/wpoHT/webforum/app/models/subject.rb": [
        1,
        1,
        1,
        1,
        1,
        null,
        1,
        1,
        null,
        null,
        1,
        0,
        null,
        null,
        1,
        1,
        1,
        1,
        0,
        null,
        1,
        1,
        null,
        1,
        null,
        null,
        null
      ],
      "/home/longsword/Desktop/wpoHT/wpoHT/webforum/app/models/category.rb": [
        1,
        1,
        1,
        1,
        null,
        1,
        null,
        1,
        11,
        11,
        null,
        null,
        null,
        null,
        null
      ],
      "/home/longsword/Desktop/wpoHT/wpoHT/webforum/app/models/user.rb": [
        1,
        1,
        1,
        1,
        null,
        1,
        null,
        1,
        null,
        null,
        1,
        12,
        8,
        null,
        4,
        null,
        null,
        null,
        1,
        9,
        7,
        null,
        2,
        null,
        null,
        null,
        1,
        9,
        6,
        null,
        3,
        null,
        null,
        1,
        1,
        20,
        10,
        null,
        10,
        null,
        null,
        1,
        1,
        3,
        1,
        null,
        2,
        null,
        null,
        null
      ],
      "/home/longsword/Desktop/wpoHT/wpoHT/webforum/app/controllers/subjects_controller.rb": [
        1,
        1,
        null,
        null,
        null,
        1,
        0,
        null,
        null,
        null,
        null,
        1,
        24,
        24,
        null,
        24,
        24,
        null,
        24,
        19,
        19,
        null,
        5,
        5,
        null,
        null,
        24,
        4,
        null,
        24,
        8,
        null,
        null,
        24,
        6,
        null,
        null,
        null,
        null,
        1,
        0,
        0,
        null,
        null,
        null,
        1,
        4,
        4,
        2,
        null,
        null,
        null,
        null,
        null,
        1,
        0,
        null,
        0,
        0,
        0,
        0,
        null,
        0,
        0,
        null,
        0,
        0,
        0,
        null,
        0,
        0,
        null,
        null,
        null,
        null,
        null,
        null,
        1,
        0,
        0,
        0,
        0,
        null,
        0,
        0,
        null,
        null,
        null,
        null,
        null,
        null,
        1,
        0,
        0,
        0,
        0,
        0,
        null,
        null,
        null,
        1,
        null,
        1,
        0,
        0,
        null,
        null,
        0,
        null,
        0,
        0,
        null,
        null,
        null,
        1,
        24,
        null,
        24,
        24,
        14,
        null,
        null,
        24,
        null,
        24,
        24,
        44,
        44,
        44,
        null,
        24,
        10,
        10,
        null,
        24,
        null,
        null,
        null,
        1,
        28,
        null,
        null,
        null,
        1,
        null,
        0,
        null,
        null
      ],
      "/home/longsword/Desktop/wpoHT/wpoHT/webforum/app/controllers/application_controller.rb": [
        1,
        null,
        null,
        1,
        null,
        1,
        null,
        1,
        480,
        216,
        null,
        null,
        null
      ],
      "/home/longsword/Desktop/wpoHT/wpoHT/webforum/app/controllers/sessions_controller.rb": [
        1,
        null,
        1,
        15,
        0,
        null,
        15,
        null,
        15,
        null,
        null,
        1,
        15,
        15,
        15,
        15,
        null,
        0,
        null,
        null,
        null,
        1,
        null,
        0,
        0,
        null,
        null,
        null
      ],
      "/home/longsword/Desktop/wpoHT/wpoHT/webforum/app/controllers/categories_controller.rb": [
        1,
        1,
        null,
        null,
        null,
        1,
        15,
        null,
        null,
        null,
        null,
        1,
        0,
        null,
        null,
        null,
        1,
        0,
        null,
        null,
        null,
        1,
        null,
        null,
        null,
        null,
        1,
        0,
        null,
        0,
        0,
        0,
        0,
        null,
        0,
        0,
        null,
        null,
        null,
        null,
        null,
        null,
        1,
        0,
        0,
        0,
        0,
        null,
        0,
        0,
        null,
        null,
        null,
        null,
        null,
        null,
        1,
        0,
        0,
        0,
        0,
        null,
        null,
        null,
        1,
        null,
        1,
        0,
        null,
        null,
        null,
        1,
        0,
        null,
        null
      ],
      "/home/longsword/Desktop/wpoHT/wpoHT/webforum/app/controllers/users_controller.rb": [
        0,
        0,
        0,
        0,
        0,
        0,
        0,
        0,
        0,
        0,
        0,
        0,
        0,
        0,
        0,
        0,
        0,
        0,
        0,
        0,
        0,
        0,
        0,
        0,
        0,
        0,
        0,
        0,
        0,
        0,
        0,
        0,
        0,
        0,
        0,
        0,
        0,
        0,
        0,
        0,
        0,
        0,
        0,
        0,
        0,
        0,
        0,
        0,
        0,
        0,
        0,
        0,
        0,
        0,
        0,
        0,
        0,
        0,
        0,
        0,
        0,
        0,
        0,
        0,
        0,
        0,
        0,
        0,
        0,
        0,
        0,
        0,
        0,
        0,
        0,
        0,
        0,
        0,
        0,
        0,
        0
      ],
      "/home/longsword/Desktop/wpoHT/wpoHT/webforum/app/controllers/messages_controller.rb": [
        0,
        0,
        0,
        0,
        0,
        0,
        0,
        0,
        0,
        0,
        0,
        0,
        0,
        0,
        0,
        0,
        0,
        0,
        0,
        0,
        0,
        0,
        0,
        0,
        0,
        0,
        0,
        0,
        0,
        0,
        0,
        0,
        0,
        0,
        0,
        0,
        0,
        0,
        0,
        0,
        0,
        0,
        0,
        0,
        0,
        0,
        0,
        0,
        0,
        0,
        0,
        0,
        0,
        0,
        0,
        0,
        0,
        0,
        0,
        0,
        0,
        0,
        0,
        0,
        0,
        0,
        0,
        0,
        0,
        0,
        0,
        0,
        0,
        0,
        0,
        0,
        0,
        0,
        0,
        0,
        0,
        0,
        0,
        0,
        0,
        0,
        0,
        0,
        0,
        0,
        0,
        0,
        0,
        0,
        0,
        0,
        0,
        0,
        0,
        0,
        0,
        0,
        0,
        0,
        0,
        0,
        0,
        0,
        0,
        0
      ]
    },
    "timestamp": 1493631027
  }
}
